<?xml version="1.0" encoding="utf-8"?><testsuites name="pytest tests"><testsuite name="pytest" errors="0" failures="0" skipped="0" tests="16" time="165.666" timestamp="2026-07-08T10:00:33.080982+00:00" hostname="agent-env-03dbdd87-8e29-42e6-aa17-dcf4a93c354f"><testcase classname="backend.tests.backend_test" name="test_health" time="0.115" /><testcase classname="backend.tests.backend_test" name="test_models" time="0.092" /><testcase classname="backend.tests.backend_test" name="test_explain_empty_code" time="0.131" /><testcase classname="backend.tests.backend_test" name="test_explain_missing_code" time="0.098" /><testcase classname="backend.tests.backend_test" name="test_explain_python_twosum" time="13.297" /><testcase classname="backend.tests.backend_test" name="test_explain_javascript_reduce" time="12.981" /><testcase classname="backend.tests.backend_test" name="test_explain_with_gemini_provider" time="8.950" /><testcase classname="backend.tests.backend_test" name="test_explain_structural_consistency[def fib(n):\n    if n &lt; 2:\n        return n\n    return fib(n-1) + fib(n-2)\n-python]" time="15.116" /><testcase classname="backend.tests.backend_test" name="test_explain_structural_consistency[class Stack:\n    def __init__(self):\n        self.items = []\n    def push(self, x):\n        self.items.append(x)\n    def pop(self):\n        return self.items.pop() if self.items else None\n-python]" time="13.388" /><testcase classname="backend.tests.backend_test" name="test_explain_structural_consistency[function debounce(fn, delay) {\n  let t;\n  return (...args) =&gt; {\n    clearTimeout(t);\n    t = setTimeout(() =&gt; fn(...args), delay);\n  };\n}\n-javascript]" time="13.664" /><testcase classname="backend.tests.backend_test" name="test_explain_structural_consistency[function findMax(arr) {\n  let max = arr[0];\n  for (let i = 1; i &lt; arr.length; i++) {\n    if (arr[i] &gt; max) max = arr[i];\n  }\n  return max;\n}\n-javascript]" time="14.429" /><testcase classname="backend.tests.backend_test" name="test_quiz_from_explanation" time="11.891" /><testcase classname="backend.tests.backend_test" name="test_quiz_previous_questions_field_accepted" time="12.145" /><testcase classname="backend.tests.backend_test" name="test_quiz_regeneration_produces_different_questions" time="24.951" /><testcase classname="backend.tests.backend_test" name="test_explain_returns_within_reasonable_time" time="13.293" /><testcase classname="backend.tests.backend_test" name="test_chat_followup" time="11.062" /></testsuite></testsuites>